<?xml version="1.0" encoding="UTF-8"?>
<!-- Generated by org.testng.reporters.JUnitReportReporter -->
<testsuite hostname="LAPTOP-7CO6VKTC" failures="0" tests="4" name="demo_testng.OnlineMarket" time="0.009" errors="0" timestamp="2023-06-26T16:44:39 EDT" skipped="0">
  <testcase classname="demo_testng.OnlineMarket" name="testB2" time="0.001"/>
  <testcase classname="demo_testng.OnlineMarket" name="testB4" time="0.002"/>
  <testcase classname="demo_testng.OnlineMarket" name="testB5" time="0.000"/>
  <testcase classname="demo_testng.OnlineMarket" name="testB1" time="0.006"/>
</testsuite> <!-- demo_testng.OnlineMarket -->
