<?xml version="1.0" encoding="UTF-8"?>
<!-- Generated by org.testng.reporters.JUnitReportReporter -->
<testsuite hostname="LAPTOP-7CO6VKTC" failures="0" tests="5" name="demo_testng.BankingAppTest" time="0.014" errors="0" timestamp="2023-07-05T17:59:01 EDT" skipped="0">
  <testcase classname="demo_testng.BankingAppTest" name="testA1" time="0.010"/>
  <testcase classname="demo_testng.BankingAppTest" name="testA4" time="0.001"/>
  <testcase classname="demo_testng.BankingAppTest" name="testA5" time="0.002"/>
  <testcase classname="demo_testng.BankingAppTest" name="testA3" time="0.001"/>
  <testcase classname="demo_testng.BankingAppTest" name="testA2" time="0.000"/>
</testsuite> <!-- demo_testng.BankingAppTest -->
